Running in Lattice mode


Starting:    C:\ispLEVER_Classic2_0\synpbase\win64\mbin\synbatch.exe
Install:     C:\ispLEVER_Classic2_0\synpbase
Date:        Tue Apr 10 00:59:21 2018
Version:     I-2014.03LC 

Arguments:   -product synplify_pro  -batch c:/users/picoj/desktop/github/icestudio/icestcik/curso verilog/export_to_verilog/icetojedec/ejemplotojedec00\Display.prj
ProductType: synplify_pro





log file: "C:\users\picoj\desktop\github\icestudio\icestcik\curso verilog\export_to_verilog\icetojedec\ejemplotojedec00\Display.srr"

Running Display|ejemplotojedec00

Running: Compile on Display|ejemplotojedec00

Running: Compile Process on Display|ejemplotojedec00

Running: Compile Input on Display|ejemplotojedec00
Copied C:\users\picoj\desktop\github\icestudio\icestcik\curso verilog\export_to_verilog\icetojedec\ejemplotojedec00\synwork\Display_comp.srs to C:\users\picoj\desktop\github\icestudio\icestcik\curso verilog\export_to_verilog\icetojedec\ejemplotojedec00\Display.srs
compiler Completed with warnings
Return Code: 1
Run Time:0h:00m:01s

Running: Multi-srs Generator on Display|ejemplotojedec00
Copied C:\users\picoj\desktop\github\icestudio\icestcik\curso verilog\export_to_verilog\icetojedec\ejemplotojedec00\synwork\Display_comp.srs to C:\users\picoj\desktop\github\icestudio\icestcik\curso verilog\export_to_verilog\icetojedec\ejemplotojedec00\synwork\Display_s.srs
multi_srs_gen Completed
Return Code: 0
Run Time:0h:00m:01s
Copied C:\users\picoj\desktop\github\icestudio\icestcik\curso verilog\export_to_verilog\icetojedec\ejemplotojedec00\synwork\Display_mult.srs to C:\users\picoj\desktop\github\icestudio\icestcik\curso verilog\export_to_verilog\icetojedec\ejemplotojedec00\Display.srs
Copied C:\users\picoj\desktop\github\icestudio\icestcik\curso verilog\export_to_verilog\icetojedec\ejemplotojedec00\Display.srr to C:\users\picoj\desktop\github\icestudio\icestcik\curso verilog\export_to_verilog\icetojedec\ejemplotojedec00\display.srf
Complete: Compile Process on Display|ejemplotojedec00
Complete: Compile on Display|ejemplotojedec00

Running: Map on Display|ejemplotojedec00

Running: Map & Optimize on Display|ejemplotojedec00
fpga_mapper Completed
Return Code: 0
Run Time:0h:00m:00s
Complete: Map on Display|ejemplotojedec00
Complete: Logic Synthesis on Display|ejemplotojedec00

exit status=0

exit status=0

